Watching for file changes with StatReloader
Forbidden: /rest/v1/categoria/
conejofoz Acessou a lista de categorias
conejofoz criou categoria teste 8
conejofoz Acessou a lista de categorias
conejofoz apagou a categoria TESTE 8
conejofoz Acessou a lista de categorias
conejofoz Acessou a lista de categorias
conejofoz alterou a categoria TESTE6
conejofoz Acessou a lista de categorias
Watching for file changes with StatReloader
conejofoz alterou a categoria TESTE6 em: 18-06-2022 20:53:01
conejofoz Acessou a lista de categorias em: 18-06-2022 20:53:04
conejofoz apagou a categoria TESTE6 em: 18-06-2022 20:54:29
conejofoz Acessou a lista de categorias em: 18-06-2022 20:54:30
C:\PRJ\Daniel Ernesto\django\api\models.py changed, reloading.
Watching for file changes with StatReloader
C:\PRJ\Daniel Ernesto\django\api\models.py changed, reloading.
Watching for file changes with StatReloader
C:\PRJ\Daniel Ernesto\django\api\models.py changed, reloading.
Watching for file changes with StatReloader
C:\PRJ\Daniel Ernesto\django\api\models.py changed, reloading.
Watching for file changes with StatReloader
C:\PRJ\Daniel Ernesto\django\api\models.py changed, reloading.
Watching for file changes with StatReloader
C:\PRJ\Daniel Ernesto\django\api\models.py changed, reloading.
Watching for file changes with StatReloader
C:\PRJ\Daniel Ernesto\django\api\models.py changed, reloading.
Watching for file changes with StatReloader
C:\PRJ\Daniel Ernesto\django\api\models.py changed, reloading.
Watching for file changes with StatReloader
C:\PRJ\Daniel Ernesto\django\api\models.py changed, reloading.
Watching for file changes with StatReloader
C:\PRJ\Daniel Ernesto\django\api\models.py changed, reloading.
Watching for file changes with StatReloader
C:\PRJ\Daniel Ernesto\django\api\models.py changed, reloading.
Watching for file changes with StatReloader
C:\PRJ\Daniel Ernesto\django\api\models.py changed, reloading.
Watching for file changes with StatReloader
C:\PRJ\Daniel Ernesto\django\api\models.py changed, reloading.
Watching for file changes with StatReloader
C:\PRJ\Daniel Ernesto\django\api\models.py changed, reloading.
Watching for file changes with StatReloader
C:\PRJ\Daniel Ernesto\django\api\models.py changed, reloading.
Watching for file changes with StatReloader
C:\PRJ\Daniel Ernesto\django\api\models.py changed, reloading.
Watching for file changes with StatReloader
C:\PRJ\Daniel Ernesto\django\api\models.py changed, reloading.
Watching for file changes with StatReloader
C:\PRJ\Daniel Ernesto\django\api\models.py changed, reloading.
Watching for file changes with StatReloader
C:\PRJ\Daniel Ernesto\django\api\models.py changed, reloading.
Watching for file changes with StatReloader
C:\PRJ\Daniel Ernesto\django\api\models.py changed, reloading.
Watching for file changes with StatReloader
C:\PRJ\Daniel Ernesto\django\api\models.py changed, reloading.
Watching for file changes with StatReloader
C:\PRJ\Daniel Ernesto\django\api\models.py changed, reloading.
Watching for file changes with StatReloader
C:\PRJ\Daniel Ernesto\django\api\models.py changed, reloading.
Watching for file changes with StatReloader
C:\PRJ\Daniel Ernesto\django\api\models.py changed, reloading.
Watching for file changes with StatReloader
C:\PRJ\Daniel Ernesto\django\api\models.py changed, reloading.
Watching for file changes with StatReloader
C:\PRJ\Daniel Ernesto\django\api\models.py changed, reloading.
Watching for file changes with StatReloader
C:\PRJ\Daniel Ernesto\django\api\models.py changed, reloading.
Watching for file changes with StatReloader
C:\PRJ\Daniel Ernesto\django\api\models.py changed, reloading.
Watching for file changes with StatReloader
Unauthorized: /rest/v1/token/refresh/
Unauthorized: /rest/v1/categoria/
conejofoz Acessou a lista de categorias em: 18-06-2022 23:15:03
conejofoz criou categoria Perfumes em: 18-06-2022 23:15:14
Internal Server Error: /rest/v1/categoria/
Traceback (most recent call last):
  File "C:\PRJ\Daniel Ernesto\django\env\lib\site-packages\django\db\backends\utils.py", line 84, in _execute
    return self.cursor.execute(sql, params)
psycopg2.errors.UniqueViolation: duplicate key value violates unique constraint "api_categoria_descricao_key"
DETAIL:  Key (descricao)=(PERFUMES) already exists.


The above exception was the direct cause of the following exception:

Traceback (most recent call last):
  File "C:\PRJ\Daniel Ernesto\django\env\lib\site-packages\django\core\handlers\exception.py", line 47, in inner
    response = get_response(request)
  File "C:\PRJ\Daniel Ernesto\django\env\lib\site-packages\django\core\handlers\base.py", line 181, in _get_response
    response = wrapped_callback(request, *callback_args, **callback_kwargs)
  File "C:\PRJ\Daniel Ernesto\django\env\lib\site-packages\django\views\decorators\csrf.py", line 54, in wrapped_view
    return view_func(*args, **kwargs)
  File "C:\PRJ\Daniel Ernesto\django\env\lib\site-packages\rest_framework\viewsets.py", line 125, in view
    return self.dispatch(request, *args, **kwargs)
  File "C:\PRJ\Daniel Ernesto\django\env\lib\site-packages\rest_framework\views.py", line 509, in dispatch
    response = self.handle_exception(exc)
  File "C:\PRJ\Daniel Ernesto\django\env\lib\site-packages\rest_framework\views.py", line 469, in handle_exception
    self.raise_uncaught_exception(exc)
  File "C:\PRJ\Daniel Ernesto\django\env\lib\site-packages\rest_framework\views.py", line 480, in raise_uncaught_exception
    raise exc
  File "C:\PRJ\Daniel Ernesto\django\env\lib\site-packages\rest_framework\views.py", line 506, in dispatch
    response = handler(request, *args, **kwargs)
  File "C:\PRJ\Daniel Ernesto\django\api\views.py", line 233, in create
    return super(CategoriaViewSet, self).create(Request, *args, **kwargs)
  File "C:\PRJ\Daniel Ernesto\django\env\lib\site-packages\rest_framework\mixins.py", line 19, in create
    self.perform_create(serializer)
  File "C:\PRJ\Daniel Ernesto\django\env\lib\site-packages\rest_framework\mixins.py", line 24, in perform_create
    serializer.save()
  File "C:\PRJ\Daniel Ernesto\django\env\lib\site-packages\rest_framework\serializers.py", line 212, in save
    self.instance = self.create(validated_data)
  File "C:\PRJ\Daniel Ernesto\django\env\lib\site-packages\rest_framework\serializers.py", line 962, in create
    instance = ModelClass._default_manager.create(**validated_data)
  File "C:\PRJ\Daniel Ernesto\django\env\lib\site-packages\django\db\models\manager.py", line 85, in manager_method
    return getattr(self.get_queryset(), name)(*args, **kwargs)
  File "C:\PRJ\Daniel Ernesto\django\env\lib\site-packages\django\db\models\query.py", line 453, in create
    obj.save(force_insert=True, using=self.db)
  File "C:\PRJ\Daniel Ernesto\django\api\models.py", line 80, in save
    super(Categoria, self).save()
  File "C:\PRJ\Daniel Ernesto\django\env\lib\site-packages\django\db\models\base.py", line 740, in save
    force_update=force_update, update_fields=update_fields)
  File "C:\PRJ\Daniel Ernesto\django\env\lib\site-packages\django\db\models\base.py", line 778, in save_base
    force_update, using, update_fields,
  File "C:\PRJ\Daniel Ernesto\django\env\lib\site-packages\django\db\models\base.py", line 881, in _save_table
    results = self._do_insert(cls._base_manager, using, fields, returning_fields, raw)
  File "C:\PRJ\Daniel Ernesto\django\env\lib\site-packages\django\db\models\base.py", line 921, in _do_insert
    using=using, raw=raw,
  File "C:\PRJ\Daniel Ernesto\django\env\lib\site-packages\django\db\models\manager.py", line 85, in manager_method
    return getattr(self.get_queryset(), name)(*args, **kwargs)
  File "C:\PRJ\Daniel Ernesto\django\env\lib\site-packages\django\db\models\query.py", line 1270, in _insert
    return query.get_compiler(using=using).execute_sql(returning_fields)
  File "C:\PRJ\Daniel Ernesto\django\env\lib\site-packages\django\db\models\sql\compiler.py", line 1416, in execute_sql
    cursor.execute(sql, params)
  File "C:\PRJ\Daniel Ernesto\django\env\lib\site-packages\django\db\backends\utils.py", line 98, in execute
    return super().execute(sql, params)
  File "C:\PRJ\Daniel Ernesto\django\env\lib\site-packages\django\db\backends\utils.py", line 66, in execute
    return self._execute_with_wrappers(sql, params, many=False, executor=self._execute)
  File "C:\PRJ\Daniel Ernesto\django\env\lib\site-packages\django\db\backends\utils.py", line 75, in _execute_with_wrappers
    return executor(sql, params, many, context)
  File "C:\PRJ\Daniel Ernesto\django\env\lib\site-packages\django\db\backends\utils.py", line 84, in _execute
    return self.cursor.execute(sql, params)
  File "C:\PRJ\Daniel Ernesto\django\env\lib\site-packages\django\db\utils.py", line 90, in __exit__
    raise dj_exc_value.with_traceback(traceback) from exc_value
  File "C:\PRJ\Daniel Ernesto\django\env\lib\site-packages\django\db\backends\utils.py", line 84, in _execute
    return self.cursor.execute(sql, params)
django.db.utils.IntegrityError: duplicate key value violates unique constraint "api_categoria_descricao_key"
DETAIL:  Key (descricao)=(PERFUMES) already exists.

C:\PRJ\Daniel Ernesto\django\api\models.py changed, reloading.
Watching for file changes with StatReloader
conejofoz criou categoria Perfumes em: 18-06-2022 23:16:45
Internal Server Error: /rest/v1/categoria/
Traceback (most recent call last):
  File "C:\PRJ\Daniel Ernesto\django\env\lib\site-packages\django\db\backends\utils.py", line 84, in _execute
    return self.cursor.execute(sql, params)
psycopg2.errors.UniqueViolation: duplicate key value violates unique constraint "api_categoria_descricao_key"
DETAIL:  Key (descricao)=(PERFUMES) already exists.


The above exception was the direct cause of the following exception:

Traceback (most recent call last):
  File "C:\PRJ\Daniel Ernesto\django\env\lib\site-packages\django\core\handlers\exception.py", line 47, in inner
    response = get_response(request)
  File "C:\PRJ\Daniel Ernesto\django\env\lib\site-packages\django\core\handlers\base.py", line 181, in _get_response
    response = wrapped_callback(request, *callback_args, **callback_kwargs)
  File "C:\PRJ\Daniel Ernesto\django\env\lib\site-packages\django\views\decorators\csrf.py", line 54, in wrapped_view
    return view_func(*args, **kwargs)
  File "C:\PRJ\Daniel Ernesto\django\env\lib\site-packages\rest_framework\viewsets.py", line 125, in view
    return self.dispatch(request, *args, **kwargs)
  File "C:\PRJ\Daniel Ernesto\django\env\lib\site-packages\rest_framework\views.py", line 509, in dispatch
    response = self.handle_exception(exc)
  File "C:\PRJ\Daniel Ernesto\django\env\lib\site-packages\rest_framework\views.py", line 469, in handle_exception
    self.raise_uncaught_exception(exc)
  File "C:\PRJ\Daniel Ernesto\django\env\lib\site-packages\rest_framework\views.py", line 480, in raise_uncaught_exception
    raise exc
  File "C:\PRJ\Daniel Ernesto\django\env\lib\site-packages\rest_framework\views.py", line 506, in dispatch
    response = handler(request, *args, **kwargs)
  File "C:\PRJ\Daniel Ernesto\django\api\views.py", line 233, in create
    return super(CategoriaViewSet, self).create(Request, *args, **kwargs)
  File "C:\PRJ\Daniel Ernesto\django\env\lib\site-packages\rest_framework\mixins.py", line 19, in create
    self.perform_create(serializer)
  File "C:\PRJ\Daniel Ernesto\django\env\lib\site-packages\rest_framework\mixins.py", line 24, in perform_create
    serializer.save()
  File "C:\PRJ\Daniel Ernesto\django\env\lib\site-packages\rest_framework\serializers.py", line 212, in save
    self.instance = self.create(validated_data)
  File "C:\PRJ\Daniel Ernesto\django\env\lib\site-packages\rest_framework\serializers.py", line 962, in create
    instance = ModelClass._default_manager.create(**validated_data)
  File "C:\PRJ\Daniel Ernesto\django\env\lib\site-packages\django\db\models\manager.py", line 85, in manager_method
    return getattr(self.get_queryset(), name)(*args, **kwargs)
  File "C:\PRJ\Daniel Ernesto\django\env\lib\site-packages\django\db\models\query.py", line 453, in create
    obj.save(force_insert=True, using=self.db)
  File "C:\PRJ\Daniel Ernesto\django\api\models.py", line 80, in save
    super(Categoria, self).save()
  File "C:\PRJ\Daniel Ernesto\django\env\lib\site-packages\django\db\models\base.py", line 740, in save
    force_update=force_update, update_fields=update_fields)
  File "C:\PRJ\Daniel Ernesto\django\env\lib\site-packages\django\db\models\base.py", line 778, in save_base
    force_update, using, update_fields,
  File "C:\PRJ\Daniel Ernesto\django\env\lib\site-packages\django\db\models\base.py", line 881, in _save_table
    results = self._do_insert(cls._base_manager, using, fields, returning_fields, raw)
  File "C:\PRJ\Daniel Ernesto\django\env\lib\site-packages\django\db\models\base.py", line 921, in _do_insert
    using=using, raw=raw,
  File "C:\PRJ\Daniel Ernesto\django\env\lib\site-packages\django\db\models\manager.py", line 85, in manager_method
    return getattr(self.get_queryset(), name)(*args, **kwargs)
  File "C:\PRJ\Daniel Ernesto\django\env\lib\site-packages\django\db\models\query.py", line 1270, in _insert
    return query.get_compiler(using=using).execute_sql(returning_fields)
  File "C:\PRJ\Daniel Ernesto\django\env\lib\site-packages\django\db\models\sql\compiler.py", line 1416, in execute_sql
    cursor.execute(sql, params)
  File "C:\PRJ\Daniel Ernesto\django\env\lib\site-packages\django\db\backends\utils.py", line 98, in execute
    return super().execute(sql, params)
  File "C:\PRJ\Daniel Ernesto\django\env\lib\site-packages\django\db\backends\utils.py", line 66, in execute
    return self._execute_with_wrappers(sql, params, many=False, executor=self._execute)
  File "C:\PRJ\Daniel Ernesto\django\env\lib\site-packages\django\db\backends\utils.py", line 75, in _execute_with_wrappers
    return executor(sql, params, many, context)
  File "C:\PRJ\Daniel Ernesto\django\env\lib\site-packages\django\db\backends\utils.py", line 84, in _execute
    return self.cursor.execute(sql, params)
  File "C:\PRJ\Daniel Ernesto\django\env\lib\site-packages\django\db\utils.py", line 90, in __exit__
    raise dj_exc_value.with_traceback(traceback) from exc_value
  File "C:\PRJ\Daniel Ernesto\django\env\lib\site-packages\django\db\backends\utils.py", line 84, in _execute
    return self.cursor.execute(sql, params)
django.db.utils.IntegrityError: duplicate key value violates unique constraint "api_categoria_descricao_key"
DETAIL:  Key (descricao)=(PERFUMES) already exists.

conejofoz criou categoria Perfumes em: 18-06-2022 23:18:29
Internal Server Error: /rest/v1/categoria/
Traceback (most recent call last):
  File "C:\PRJ\Daniel Ernesto\django\env\lib\site-packages\django\db\backends\utils.py", line 84, in _execute
    return self.cursor.execute(sql, params)
psycopg2.errors.UniqueViolation: duplicate key value violates unique constraint "api_categoria_descricao_key"
DETAIL:  Key (descricao)=(PERFUMES) already exists.


The above exception was the direct cause of the following exception:

Traceback (most recent call last):
  File "C:\PRJ\Daniel Ernesto\django\env\lib\site-packages\django\core\handlers\exception.py", line 47, in inner
    response = get_response(request)
  File "C:\PRJ\Daniel Ernesto\django\env\lib\site-packages\django\core\handlers\base.py", line 181, in _get_response
    response = wrapped_callback(request, *callback_args, **callback_kwargs)
  File "C:\PRJ\Daniel Ernesto\django\env\lib\site-packages\django\views\decorators\csrf.py", line 54, in wrapped_view
    return view_func(*args, **kwargs)
  File "C:\PRJ\Daniel Ernesto\django\env\lib\site-packages\rest_framework\viewsets.py", line 125, in view
    return self.dispatch(request, *args, **kwargs)
  File "C:\PRJ\Daniel Ernesto\django\env\lib\site-packages\rest_framework\views.py", line 509, in dispatch
    response = self.handle_exception(exc)
  File "C:\PRJ\Daniel Ernesto\django\env\lib\site-packages\rest_framework\views.py", line 469, in handle_exception
    self.raise_uncaught_exception(exc)
  File "C:\PRJ\Daniel Ernesto\django\env\lib\site-packages\rest_framework\views.py", line 480, in raise_uncaught_exception
    raise exc
  File "C:\PRJ\Daniel Ernesto\django\env\lib\site-packages\rest_framework\views.py", line 506, in dispatch
    response = handler(request, *args, **kwargs)
  File "C:\PRJ\Daniel Ernesto\django\api\views.py", line 233, in create
    return super(CategoriaViewSet, self).create(Request, *args, **kwargs)
  File "C:\PRJ\Daniel Ernesto\django\env\lib\site-packages\rest_framework\mixins.py", line 19, in create
    self.perform_create(serializer)
  File "C:\PRJ\Daniel Ernesto\django\env\lib\site-packages\rest_framework\mixins.py", line 24, in perform_create
    serializer.save()
  File "C:\PRJ\Daniel Ernesto\django\env\lib\site-packages\rest_framework\serializers.py", line 212, in save
    self.instance = self.create(validated_data)
  File "C:\PRJ\Daniel Ernesto\django\env\lib\site-packages\rest_framework\serializers.py", line 962, in create
    instance = ModelClass._default_manager.create(**validated_data)
  File "C:\PRJ\Daniel Ernesto\django\env\lib\site-packages\django\db\models\manager.py", line 85, in manager_method
    return getattr(self.get_queryset(), name)(*args, **kwargs)
  File "C:\PRJ\Daniel Ernesto\django\env\lib\site-packages\django\db\models\query.py", line 453, in create
    obj.save(force_insert=True, using=self.db)
  File "C:\PRJ\Daniel Ernesto\django\api\models.py", line 80, in save
    super(Categoria, self).save()
  File "C:\PRJ\Daniel Ernesto\django\env\lib\site-packages\django\db\models\base.py", line 740, in save
    force_update=force_update, update_fields=update_fields)
  File "C:\PRJ\Daniel Ernesto\django\env\lib\site-packages\django\db\models\base.py", line 778, in save_base
    force_update, using, update_fields,
  File "C:\PRJ\Daniel Ernesto\django\env\lib\site-packages\django\db\models\base.py", line 881, in _save_table
    results = self._do_insert(cls._base_manager, using, fields, returning_fields, raw)
  File "C:\PRJ\Daniel Ernesto\django\env\lib\site-packages\django\db\models\base.py", line 921, in _do_insert
    using=using, raw=raw,
  File "C:\PRJ\Daniel Ernesto\django\env\lib\site-packages\django\db\models\manager.py", line 85, in manager_method
    return getattr(self.get_queryset(), name)(*args, **kwargs)
  File "C:\PRJ\Daniel Ernesto\django\env\lib\site-packages\django\db\models\query.py", line 1270, in _insert
    return query.get_compiler(using=using).execute_sql(returning_fields)
  File "C:\PRJ\Daniel Ernesto\django\env\lib\site-packages\django\db\models\sql\compiler.py", line 1416, in execute_sql
    cursor.execute(sql, params)
  File "C:\PRJ\Daniel Ernesto\django\env\lib\site-packages\django\db\backends\utils.py", line 98, in execute
    return super().execute(sql, params)
  File "C:\PRJ\Daniel Ernesto\django\env\lib\site-packages\django\db\backends\utils.py", line 66, in execute
    return self._execute_with_wrappers(sql, params, many=False, executor=self._execute)
  File "C:\PRJ\Daniel Ernesto\django\env\lib\site-packages\django\db\backends\utils.py", line 75, in _execute_with_wrappers
    return executor(sql, params, many, context)
  File "C:\PRJ\Daniel Ernesto\django\env\lib\site-packages\django\db\backends\utils.py", line 84, in _execute
    return self.cursor.execute(sql, params)
  File "C:\PRJ\Daniel Ernesto\django\env\lib\site-packages\django\db\utils.py", line 90, in __exit__
    raise dj_exc_value.with_traceback(traceback) from exc_value
  File "C:\PRJ\Daniel Ernesto\django\env\lib\site-packages\django\db\backends\utils.py", line 84, in _execute
    return self.cursor.execute(sql, params)
django.db.utils.IntegrityError: duplicate key value violates unique constraint "api_categoria_descricao_key"
DETAIL:  Key (descricao)=(PERFUMES) already exists.

conejofoz criou categoria cosméticos em: 18-06-2022 23:19:01
conejofoz Acessou a lista de categorias em: 18-06-2022 23:19:07
C:\PRJ\Daniel Ernesto\django\api_dj\settings.py changed, reloading.
conejofoz criou categoria teste em: 18-06-2022 23:24:29
conejofoz criou categoria teste em: 18-06-2022 23:25:27
Watching for file changes with StatReloader
conejofoz criou categoria teste em: 18-06-2022 23:26:25
Internal Server Error: /rest/v1/categoria/
Traceback (most recent call last):
  File "C:\PRJ\Daniel Ernesto\django\env\lib\site-packages\django\db\backends\utils.py", line 84, in _execute
    return self.cursor.execute(sql, params)
psycopg2.errors.UniqueViolation: duplicate key value violates unique constraint "api_categoria_descricao_key"
DETAIL:  Key (descricao)=(TESTE) already exists.


The above exception was the direct cause of the following exception:

Traceback (most recent call last):
  File "C:\PRJ\Daniel Ernesto\django\env\lib\site-packages\django\core\handlers\exception.py", line 47, in inner
    response = get_response(request)
  File "C:\PRJ\Daniel Ernesto\django\env\lib\site-packages\django\core\handlers\base.py", line 181, in _get_response
    response = wrapped_callback(request, *callback_args, **callback_kwargs)
  File "C:\PRJ\Daniel Ernesto\django\env\lib\site-packages\django\views\decorators\csrf.py", line 54, in wrapped_view
    return view_func(*args, **kwargs)
  File "C:\PRJ\Daniel Ernesto\django\env\lib\site-packages\rest_framework\viewsets.py", line 125, in view
    return self.dispatch(request, *args, **kwargs)
  File "C:\PRJ\Daniel Ernesto\django\env\lib\site-packages\rest_framework\views.py", line 509, in dispatch
    response = self.handle_exception(exc)
  File "C:\PRJ\Daniel Ernesto\django\env\lib\site-packages\rest_framework\views.py", line 469, in handle_exception
    self.raise_uncaught_exception(exc)
  File "C:\PRJ\Daniel Ernesto\django\env\lib\site-packages\rest_framework\views.py", line 480, in raise_uncaught_exception
    raise exc
  File "C:\PRJ\Daniel Ernesto\django\env\lib\site-packages\rest_framework\views.py", line 506, in dispatch
    response = handler(request, *args, **kwargs)
  File "C:\PRJ\Daniel Ernesto\django\api\views.py", line 233, in create
    return super(CategoriaViewSet, self).create(Request, *args, **kwargs)
  File "C:\PRJ\Daniel Ernesto\django\env\lib\site-packages\rest_framework\mixins.py", line 19, in create
    self.perform_create(serializer)
  File "C:\PRJ\Daniel Ernesto\django\env\lib\site-packages\rest_framework\mixins.py", line 24, in perform_create
    serializer.save()
  File "C:\PRJ\Daniel Ernesto\django\env\lib\site-packages\rest_framework\serializers.py", line 212, in save
    self.instance = self.create(validated_data)
  File "C:\PRJ\Daniel Ernesto\django\env\lib\site-packages\rest_framework\serializers.py", line 962, in create
    instance = ModelClass._default_manager.create(**validated_data)
  File "C:\PRJ\Daniel Ernesto\django\env\lib\site-packages\django\db\models\manager.py", line 85, in manager_method
    return getattr(self.get_queryset(), name)(*args, **kwargs)
  File "C:\PRJ\Daniel Ernesto\django\env\lib\site-packages\django\db\models\query.py", line 453, in create
    obj.save(force_insert=True, using=self.db)
  File "C:\PRJ\Daniel Ernesto\django\api\models.py", line 80, in save
    super(Categoria, self).save()
  File "C:\PRJ\Daniel Ernesto\django\env\lib\site-packages\django\db\models\base.py", line 740, in save
    force_update=force_update, update_fields=update_fields)
  File "C:\PRJ\Daniel Ernesto\django\env\lib\site-packages\django\db\models\base.py", line 778, in save_base
    force_update, using, update_fields,
  File "C:\PRJ\Daniel Ernesto\django\env\lib\site-packages\django\db\models\base.py", line 881, in _save_table
    results = self._do_insert(cls._base_manager, using, fields, returning_fields, raw)
  File "C:\PRJ\Daniel Ernesto\django\env\lib\site-packages\django\db\models\base.py", line 921, in _do_insert
    using=using, raw=raw,
  File "C:\PRJ\Daniel Ernesto\django\env\lib\site-packages\django\db\models\manager.py", line 85, in manager_method
    return getattr(self.get_queryset(), name)(*args, **kwargs)
  File "C:\PRJ\Daniel Ernesto\django\env\lib\site-packages\django\db\models\query.py", line 1270, in _insert
    return query.get_compiler(using=using).execute_sql(returning_fields)
  File "C:\PRJ\Daniel Ernesto\django\env\lib\site-packages\django\db\models\sql\compiler.py", line 1416, in execute_sql
    cursor.execute(sql, params)
  File "C:\PRJ\Daniel Ernesto\django\env\lib\site-packages\django\db\backends\utils.py", line 98, in execute
    return super().execute(sql, params)
  File "C:\PRJ\Daniel Ernesto\django\env\lib\site-packages\django\db\backends\utils.py", line 66, in execute
    return self._execute_with_wrappers(sql, params, many=False, executor=self._execute)
  File "C:\PRJ\Daniel Ernesto\django\env\lib\site-packages\django\db\backends\utils.py", line 75, in _execute_with_wrappers
    return executor(sql, params, many, context)
  File "C:\PRJ\Daniel Ernesto\django\env\lib\site-packages\django\db\backends\utils.py", line 84, in _execute
    return self.cursor.execute(sql, params)
  File "C:\PRJ\Daniel Ernesto\django\env\lib\site-packages\django\db\utils.py", line 90, in __exit__
    raise dj_exc_value.with_traceback(traceback) from exc_value
  File "C:\PRJ\Daniel Ernesto\django\env\lib\site-packages\django\db\backends\utils.py", line 84, in _execute
    return self.cursor.execute(sql, params)
django.db.utils.IntegrityError: duplicate key value violates unique constraint "api_categoria_descricao_key"
DETAIL:  Key (descricao)=(TESTE) already exists.

C:\PRJ\Daniel Ernesto\django\api_dj\settings.py changed, reloading.
conejofoz criou categoria teste em: 18-06-2022 23:29:04
conejofoz Acessou a lista de categorias em: 18-06-2022 23:32:27
conejofoz Acessou a lista de categorias em: 18-06-2022 23:32:33
conejofoz Acessou a lista de categorias em: 18-06-2022 23:32:35
conejofoz criou categoria teste em: 18-06-2022 23:32:41
conejofoz Acessou a lista de categorias em: 18-06-2022 23:34:06
conejofoz Acessou a lista de categorias em: 18-06-2022 23:34:07
conejofoz Acessou a lista de categorias em: 18-06-2022 23:34:11
conejofoz Acessou a lista de categorias em: 18-06-2022 23:34:26
conejofoz criou categoria teste em: 18-06-2022 23:34:46
conejofoz Acessou a lista de categorias em: 18-06-2022 23:36:42
conejofoz criou categoria teste em: 18-06-2022 23:36:53
conejofoz Acessou a lista de categorias em: 18-06-2022 23:37:53
conejofoz Acessou a lista de categorias em: 18-06-2022 23:37:54
conejofoz Acessou a lista de categorias em: 18-06-2022 23:37:54
conejofoz criou categoria teste em: 18-06-2022 23:38:00
conejofoz criou categoria teste em: 18-06-2022 23:38:05
conejofoz Acessou a lista de categorias em: 18-06-2022 23:39:23
conejofoz criou categoria teste em: 18-06-2022 23:39:29
conejofoz criou categoria teste em: 18-06-2022 23:40:01
conejofoz Acessou a lista de categorias em: 18-06-2022 23:40:25
conejofoz criou categoria teste em: 18-06-2022 23:40:33
conejofoz Acessou a lista de categorias em: 18-06-2022 23:46:16
conejofoz criou categoria teste em: 18-06-2022 23:46:24
conejofoz criou categoria teste em: 18-06-2022 23:46:34
conejofoz criou categoria teste em: 18-06-2022 23:54:49
conejofoz criou categoria teste em: 19-06-2022 00:02:42
conejofoz criou categoria teste em: 19-06-2022 00:04:05
conejofoz criou categoria teste em: 19-06-2022 00:04:18
conejofoz criou categoria teste6 em: 19-06-2022 00:06:09
conejofoz criou categoria teste6 em: 19-06-2022 00:08:22
conejofoz criou categoria teste7 em: 19-06-2022 00:08:28
conejofoz criou categoria teste7 em: 19-06-2022 00:09:36
conejofoz criou categoria teste8 em: 19-06-2022 00:09:49
conejofoz Acessou a lista de categorias em: 19-06-2022 00:09:57
conejofoz criou categoria teste8 em: 19-06-2022 00:11:13
conejofoz criou categoria teste8 em: 19-06-2022 00:11:44
conejofoz criou categoria teste8 em: 19-06-2022 00:13:43
conejofoz Acessou a lista de categorias em: 19-06-2022 00:14:24
conejofoz criou categoria teste8 em: 19-06-2022 00:14:31
conejofoz criou categoria teste8 em: 19-06-2022 00:15:58
conejofoz criou categoria  em: 19-06-2022 00:17:33
conejofoz criou categoria  em: 19-06-2022 00:17:40
conejofoz criou categoria  em: 19-06-2022 00:17:47
conejofoz Acessou a lista de categorias em: 19-06-2022 00:18:13
conejofoz criou categoria teste8 em: 19-06-2022 00:19:22
conejofoz criou categoria teste8 em: 19-06-2022 00:19:50
conejofoz criou categoria teste8 em: 19-06-2022 00:22:47
conejofoz erro ao criar a categoria teste8duplicate key value violates unique constraint "api_categoria_descricao_key"
DETAIL:  Key (descricao)=(TESTE8) already exists.
 em: 19-06-2022 00:22:47
conejofoz criou categoria perfumes em: 19-06-2022 00:23:24
conejofoz erro ao criar a categoria perfumesduplicate key value violates unique constraint "api_categoria_descricao_key"
DETAIL:  Key (descricao)=(PERFUMES) already exists.
 em: 19-06-2022 00:23:24
conejofoz criou categoria perfumes em: 19-06-2022 00:27:44
conejofoz criou categoria perfumes em: 19-06-2022 00:29:01
conejofoz Acessou a lista de categorias em: 19-06-2022 00:29:20
conejofoz criou categoria TESTE em: 19-06-2022 00:29:32
conejofoz Acessou a lista de categorias em: 19-06-2022 00:29:53
conejofoz Acessou a lista de categorias em: 19-06-2022 00:29:55
conejofoz Acessou a lista de categorias em: 19-06-2022 00:29:57
conejofoz criou categoria TESTE em: 19-06-2022 00:30:01
conejofoz criou categoria TESTE em: 19-06-2022 00:31:21
José Acessou a lista de categorias em: 19-06-2022 00:32:18
conejofoz Acessou a lista de categorias em: 19-06-2022 00:35:23
conejofoz alterou a categoria TESTE6 em: 19-06-2022 00:35:30
conejofoz Acessou a lista de categorias em: 19-06-2022 00:35:37
conejofoz criou categoria teste10 em: 19-06-2022 00:41:19
conejofoz Acessou a lista de categorias em: 19-06-2022 00:41:20
conejofoz alterou a categoria TESTE10 em: 19-06-2022 00:41:54
conejofoz Acessou a lista de categorias em: 19-06-2022 00:41:55
conejofoz criou categoria cosméticos em: 19-06-2022 00:45:43
conejofoz criou categoria cosméticos em: 19-06-2022 00:46:10
conejofoz criou categoria perfumes em: 19-06-2022 00:47:29
conejofoz criou categoria perfumes em: 19-06-2022 00:48:07
conejofoz criou categoria perfumes em: 19-06-2022 00:48:50
conejofoz Acessou a lista de categorias em: 19-06-2022 00:49:12
conejofoz criou categoria perfumes em: 19-06-2022 00:49:19
conejofoz criou categoria perfumes em: 19-06-2022 00:50:07
conejofoz Acessou a lista de categorias em: 19-06-2022 00:51:28
conejofoz criou categoria perfumes em: 19-06-2022 00:51:38
conejofoz Acessou a lista de categorias em: 19-06-2022 00:51:48
conejofoz criou categoria perfumes em: 19-06-2022 00:51:59
conejofoz Acessou a lista de categorias em: 19-06-2022 00:52:24
conejofoz criou categoria perfumes em: 19-06-2022 00:52:34
conejofoz Acessou a lista de categorias em: 19-06-2022 00:52:47
conejofoz criou categoria perfumes em: 19-06-2022 00:53:03
conejofoz criou categoria perfumesx em: 19-06-2022 00:54:05
conejofoz Acessou a lista de categorias em: 19-06-2022 00:54:11
conejofoz apagou a categoria TESTE2 em: 19-06-2022 00:59:19
conejofoz Acessou a lista de categorias em: 19-06-2022 00:59:20
conejofoz apagou a categoria TESTE45 em: 19-06-2022 00:59:29
conejofoz Acessou a lista de categorias em: 19-06-2022 00:59:29
José Acessou a lista de categorias em: 19-06-2022 00:59:51
conejofoz Acessou a lista de categorias em: 19-06-2022 01:00:44
conejofoz criou categoria teste em: 19-06-2022 01:00:50
conejofoz criou categoria teste em: 19-06-2022 01:04:03
conejofoz Acessou a lista de categorias em: 19-06-2022 01:05:56
conejofoz Acessou a lista de categorias em: 19-06-2022 01:06:04
conejofoz criou categoria TESTE em: 19-06-2022 01:06:11
conejofoz Acessou a lista de categorias em: 19-06-2022 01:06:30
conejofoz criou categoria TESTE em: 19-06-2022 01:06:34
conejofoz Acessou a lista de categorias em: 19-06-2022 01:08:37
conejofoz Acessou a lista de categorias em: 19-06-2022 01:08:38
conejofoz Acessou a lista de categorias em: 19-06-2022 01:08:43
conejofoz criou categoria TESTE em: 19-06-2022 01:08:49
conejofoz Acessou a lista de categorias em: 19-06-2022 01:08:50
conejofoz criou categoria TESTE em: 19-06-2022 01:09:33
conejofoz Acessou a lista de categorias em: 19-06-2022 01:09:34
conejofoz criou categoria XYZ em: 19-06-2022 01:10:17
conejofoz Acessou a lista de categorias em: 19-06-2022 01:10:24
conejofoz Acessou a lista de categorias em: 19-06-2022 01:13:02
conejofoz Acessou a lista de categorias em: 19-06-2022 01:13:31
conejofoz Acessou a lista de categorias em: 19-06-2022 01:13:32
conejofoz criou categoria TESTE em: 19-06-2022 01:13:42
conejofoz Acessou a lista de categorias em: 19-06-2022 01:13:43
conejofoz criou categoria AAA em: 19-06-2022 01:14:23
conejofoz Acessou a lista de categorias em: 19-06-2022 01:14:28
conejofoz criou categoria TESTE em: 19-06-2022 01:16:23
conejofoz Acessou a lista de categorias em: 19-06-2022 01:16:23
conejofoz criou categoria ABC em: 19-06-2022 01:18:25
conejofoz Acessou a lista de categorias em: 19-06-2022 01:18:30
conejofoz Acessou a lista de categorias em: 19-06-2022 01:21:25
conejofoz criou categoria TESTE em: 19-06-2022 01:21:30
conejofoz Acessou a lista de categorias em: 19-06-2022 01:21:31
conejofoz Acessou a lista de categorias em: 19-06-2022 01:22:12
conejofoz criou categoria TESTE em: 19-06-2022 01:22:17
conejofoz Acessou a lista de categorias em: 19-06-2022 01:22:18
conejofoz Acessou a lista de categorias em: 19-06-2022 01:22:54
conejofoz criou categoria TESTE em: 19-06-2022 01:22:59
conejofoz Acessou a lista de categorias em: 19-06-2022 01:23:08
conejofoz criou categoria TESTE em: 19-06-2022 01:23:15
conejofoz criou categoria TESTE em: 19-06-2022 01:24:13
conejofoz criou categoria TESTEX em: 19-06-2022 01:24:20
conejofoz Acessou a lista de categorias em: 19-06-2022 01:24:24
conejofoz alterou a categoria PERFUMES em: 19-06-2022 01:24:49
conejofoz alterou a categoria PERFUMESX2 em: 19-06-2022 01:24:59
conejofoz Acessou a lista de categorias em: 19-06-2022 01:25:04
conejofoz criou categoria PERFUMES em: 19-06-2022 01:25:18
conejofoz criou categoria perfumes em: 19-06-2022 01:25:28
conejofoz criou categoria PERFUMES em: 19-06-2022 01:25:44
conejofoz criou categoria PERFUMES em: 19-06-2022 01:29:43
conejofoz criou categoria perfumes em: 19-06-2022 01:29:50
conejofoz Acessou a lista de categorias em: 19-06-2022 22:54:48
conejofoz Acessou a lista de categorias em: 19-06-2022 22:55:11
conejofoz Acessou a lista de categorias em: 19-06-2022 22:55:23
conejofoz Acessou a lista de categorias em: 19-06-2022 22:55:31
conejofoz Acessou a lista de categorias em: 19-06-2022 22:55:34
conejofoz Acessou a lista de categorias em: 19-06-2022 22:55:38
conejofoz Acessou a lista de categorias em: 19-06-2022 22:55:41
conejofoz Acessou a lista de categorias em: 19-06-2022 22:55:44
conejofoz Acessou a lista de categorias em: 19-06-2022 22:55:46
conejofoz Acessou a lista de categorias em: 19-06-2022 22:56:33
conejofoz Acessou a lista de categorias em: 19-06-2022 22:58:07
conejofoz criou categoria perfumes em: 19-06-2022 22:58:18
conejofoz criou categoria PERFUMES em: 19-06-2022 22:58:27
conejofoz Acessou a lista de categorias em: 19-06-2022 23:01:25
conejofoz Acessou a lista de categorias em: 19-06-2022 23:01:28
conejofoz Acessou a lista de categorias em: 19-06-2022 23:01:44
conejofoz Acessou a lista de categorias em: 19-06-2022 23:01:49
conejofoz Acessou a lista de categorias em: 19-06-2022 23:01:50
conejofoz Acessou a lista de categorias em: 19-06-2022 23:01:51
conejofoz Acessou a lista de categorias em: 19-06-2022 23:01:52
conejofoz Acessou a lista de categorias em: 19-06-2022 23:02:46
conejofoz Acessou a lista de categorias em: 19-06-2022 23:07:33
conejofoz Acessou a lista de categorias em: 19-06-2022 23:07:36
conejofoz Acessou a lista de categorias em: 19-06-2022 23:07:46
conejofoz Acessou a lista de categorias em: 19-06-2022 23:08:49
conejofoz Acessou a lista de categorias em: 19-06-2022 23:08:50
conejofoz Acessou a lista de categorias em: 19-06-2022 23:09:02
conejofoz Acessou a lista de categorias em: 19-06-2022 23:09:02
conejofoz Acessou a lista de categorias em: 19-06-2022 23:09:31
conejofoz Acessou a lista de categorias em: 19-06-2022 23:09:43
conejofoz Acessou a lista de categorias em: 19-06-2022 23:10:13
conejofoz Acessou a lista de categorias em: 19-06-2022 23:10:13
conejofoz Acessou a lista de categorias em: 19-06-2022 23:10:49
conejofoz Acessou a lista de categorias em: 19-06-2022 23:11:22
conejofoz Acessou a lista de categorias em: 19-06-2022 23:11:40
conejofoz Acessou a lista de categorias em: 19-06-2022 23:11:57
conejofoz Acessou a lista de categorias em: 19-06-2022 23:12:01
conejofoz Acessou a lista de categorias em: 19-06-2022 23:12:04
conejofoz Acessou a lista de categorias em: 19-06-2022 23:15:03
conejofoz Acessou a lista de categorias em: 19-06-2022 23:15:11
conejofoz Acessou a lista de categorias em: 19-06-2022 23:16:06
conejofoz Acessou a lista de categorias em: 19-06-2022 23:18:28
conejofoz Acessou a lista de categorias em: 19-06-2022 23:20:11
conejofoz Acessou a lista de categorias em: 19-06-2022 23:20:33
conejofoz Acessou a lista de categorias em: 19-06-2022 23:20:36
conejofoz Acessou a lista de categorias em: 19-06-2022 23:21:27
conejofoz Acessou a lista de categorias em: 19-06-2022 23:21:55
conejofoz Acessou a lista de categorias em: 19-06-2022 23:21:57
conejofoz Acessou a lista de categorias em: 19-06-2022 23:22:27
conejofoz Acessou a lista de categorias em: 19-06-2022 23:24:50
conejofoz Acessou a lista de categorias em: 19-06-2022 23:24:53
conejofoz Acessou a lista de categorias em: 19-06-2022 23:24:53
conejofoz criou categoria PERFUMES em: 19-06-2022 23:25:02
conejofoz criou categoria PERFUMES em: 19-06-2022 23:25:18
conejofoz criou categoria PERFUMES em: 19-06-2022 23:25:21
conejofoz criou categoria PERFUMES em: 19-06-2022 23:25:22
conejofoz Acessou a lista de categorias em: 19-06-2022 23:27:34
conejofoz Acessou a lista de categorias em: 19-06-2022 23:28:05
conejofoz Acessou a lista de categorias em: 19-06-2022 23:28:06
conejofoz Acessou a lista de categorias em: 19-06-2022 23:28:07
conejofoz Acessou a lista de categorias em: 19-06-2022 23:28:07
conejofoz Acessou a lista de categorias em: 19-06-2022 23:28:08
conejofoz Acessou a lista de categorias em: 19-06-2022 23:28:10
conejofoz Acessou a lista de categorias em: 19-06-2022 23:28:25
conejofoz Acessou a lista de categorias em: 19-06-2022 23:31:51
conejofoz Acessou a lista de categorias em: 19-06-2022 23:32:05
conejofoz Acessou a lista de categorias em: 19-06-2022 23:32:09
conejofoz Acessou a lista de categorias em: 19-06-2022 23:32:10
conejofoz Acessou a lista de categorias em: 19-06-2022 23:32:32
conejofoz Acessou a lista de categorias em: 19-06-2022 23:32:36
conejofoz Acessou a lista de categorias em: 19-06-2022 23:32:49
conejofoz Acessou a lista de categorias em: 19-06-2022 23:33:49
conejofoz Acessou a lista de categorias em: 19-06-2022 23:33:53
conejofoz Acessou a lista de categorias em: 19-06-2022 23:43:24
conejofoz Acessou a lista de categorias em: 19-06-2022 23:47:34
conejofoz Acessou a lista de categorias em: 19-06-2022 23:49:27
conejofoz Acessou a lista de categorias em: 19-06-2022 23:50:40
conejofoz Acessou a lista de categorias em: 19-06-2022 23:51:26
conejofoz Acessou a lista de categorias em: 19-06-2022 23:52:08
conejofoz Acessou a lista de categorias em: 19-06-2022 23:55:42
conejofoz Acessou a lista de categorias em: 19-06-2022 23:56:20
conejofoz criou categoria TESTE em: 19-06-2022 23:56:49
conejofoz Acessou a lista de categorias em: 19-06-2022 23:58:20
conejofoz Acessou a lista de categorias em: 20-06-2022 00:00:01
conejofoz criou categoria PERFUMES em: 20-06-2022 00:00:08
conejofoz criou categoria PERFUMES em: 20-06-2022 00:04:26
conejofoz criou categoria PERFUMES VENCIDOS em: 20-06-2022 00:13:31
conejofoz Acessou a lista de categorias em: 20-06-2022 00:13:37
conejofoz criou categoria PERFUMES NOVOS em: 20-06-2022 00:20:30
conejofoz Acessou a lista de categorias em: 20-06-2022 00:20:37
conejofoz alterou a categoria PERFUMES VENCIDO em: 20-06-2022 00:22:20
conejofoz Acessou a lista de categorias em: 20-06-2022 00:22:29
conejofoz Acessou a lista de categorias em: 20-06-2022 00:25:23
conejofoz criou categoria TESTEBCD em: 20-06-2022 00:25:32
conejofoz alterou a categoria PERFUMES VENCIDO em: 20-06-2022 00:27:23
conejofoz Acessou a lista de categorias em: 20-06-2022 00:27:31
conejofoz criou categoria AAA em: 20-06-2022 00:30:14
conejofoz criou categoria AAAB em: 20-06-2022 00:30:20
conejofoz alterou a categoria PERFUMES VENCIDO em: 20-06-2022 00:30:34
conejofoz Acessou a lista de categorias em: 20-06-2022 00:30:43
conejofoz alterou a categoria PERFUMES VENCIDO em: 20-06-2022 00:32:40
conejofoz Acessou a lista de categorias em: 20-06-2022 00:32:41
conejofoz alterou a categoria PERFUMES VENCIDOSSSSSSSSSSSS em: 20-06-2022 00:32:55
conejofoz Acessou a lista de categorias em: 20-06-2022 00:32:56
conejofoz criou categoria SABÃO CRÁCRÁ em: 20-06-2022 00:33:21
conejofoz Acessou a lista de categorias em: 20-06-2022 00:33:22
conejofoz alterou a categoria PERFUMES VENCIDOSSSSSSSSSSSS em: 20-06-2022 00:35:11
conejofoz Acessou a lista de categorias em: 20-06-2022 00:35:12
conejofoz criou categoria SABAO em: 20-06-2022 00:35:22
conejofoz Acessou a lista de categorias em: 20-06-2022 00:35:22
conejofoz alterou a categoria PERFUMES VENCIDOSSSSSSSSSSSS em: 20-06-2022 00:36:37
conejofoz Acessou a lista de categorias em: 20-06-2022 00:36:38
conejofoz alterou a categoria COSMÉTICOS em: 20-06-2022 00:36:55
conejofoz Acessou a lista de categorias em: 20-06-2022 00:36:56
conejofoz criou categoria AAAAA em: 20-06-2022 00:37:04
conejofoz Acessou a lista de categorias em: 20-06-2022 00:37:05
conejofoz alterou a categoria PERFUMES NOVOS em: 20-06-2022 00:37:22
conejofoz Acessou a lista de categorias em: 20-06-2022 00:37:23
conejofoz criou categoria ARRRRR em: 20-06-2022 00:37:31
conejofoz Acessou a lista de categorias em: 20-06-2022 00:37:43
 Acessou a lista de categorias em: 20-06-2022 15:27:39
conejofoz Acessou a lista de categorias em: 20-06-2022 15:27:44
conejofoz Acessou a lista de categorias em: 20-06-2022 15:27:54
Internal Server Error: /rest/v1/vendas/
Traceback (most recent call last):
  File "/home/conejofoz/api/env/lib/python3.8/site-packages/django/utils/datastructures.py", line 83, in __getitem__
    list_ = super().__getitem__(key)
KeyError: 'tipo_movimento'

During handling of the above exception, another exception occurred:

Traceback (most recent call last):
  File "/home/conejofoz/api/env/lib/python3.8/site-packages/django/core/handlers/exception.py", line 47, in inner
    response = get_response(request)
  File "/home/conejofoz/api/env/lib/python3.8/site-packages/django/core/handlers/base.py", line 181, in _get_response
    response = wrapped_callback(request, *callback_args, **callback_kwargs)
  File "/home/conejofoz/api/env/lib/python3.8/site-packages/django/views/decorators/csrf.py", line 54, in wrapped_view
    return view_func(*args, **kwargs)
  File "/home/conejofoz/api/env/lib/python3.8/site-packages/rest_framework/viewsets.py", line 125, in view
    return self.dispatch(request, *args, **kwargs)
  File "/home/conejofoz/api/env/lib/python3.8/site-packages/rest_framework/views.py", line 509, in dispatch
    response = self.handle_exception(exc)
  File "/home/conejofoz/api/env/lib/python3.8/site-packages/rest_framework/views.py", line 469, in handle_exception
    self.raise_uncaught_exception(exc)
  File "/home/conejofoz/api/env/lib/python3.8/site-packages/rest_framework/views.py", line 480, in raise_uncaught_exception
    raise exc
  File "/home/conejofoz/api/env/lib/python3.8/site-packages/rest_framework/views.py", line 506, in dispatch
    response = handler(request, *args, **kwargs)
  File "/home/conejofoz/api/api/views.py", line 510, in list
    tipo_movimento = Request.query_params['tipo_movimento']
  File "/home/conejofoz/api/env/lib/python3.8/site-packages/django/utils/datastructures.py", line 85, in __getitem__
    raise MultiValueDictKeyError(key)
django.utils.datastructures.MultiValueDictKeyError: 'tipo_movimento'
Internal Server Error: /rest/v1/vendas/
Traceback (most recent call last):
  File "/home/conejofoz/api/env/lib/python3.8/site-packages/django/utils/datastructures.py", line 83, in __getitem__
    list_ = super().__getitem__(key)
KeyError: 'tipo_movimento'

During handling of the above exception, another exception occurred:

Traceback (most recent call last):
  File "/home/conejofoz/api/env/lib/python3.8/site-packages/django/core/handlers/exception.py", line 47, in inner
    response = get_response(request)
  File "/home/conejofoz/api/env/lib/python3.8/site-packages/django/core/handlers/base.py", line 181, in _get_response
    response = wrapped_callback(request, *callback_args, **callback_kwargs)
  File "/home/conejofoz/api/env/lib/python3.8/site-packages/django/views/decorators/csrf.py", line 54, in wrapped_view
    return view_func(*args, **kwargs)
  File "/home/conejofoz/api/env/lib/python3.8/site-packages/rest_framework/viewsets.py", line 125, in view
    return self.dispatch(request, *args, **kwargs)
  File "/home/conejofoz/api/env/lib/python3.8/site-packages/rest_framework/views.py", line 509, in dispatch
    response = self.handle_exception(exc)
  File "/home/conejofoz/api/env/lib/python3.8/site-packages/rest_framework/views.py", line 469, in handle_exception
    self.raise_uncaught_exception(exc)
  File "/home/conejofoz/api/env/lib/python3.8/site-packages/rest_framework/views.py", line 480, in raise_uncaught_exception
    raise exc
  File "/home/conejofoz/api/env/lib/python3.8/site-packages/rest_framework/views.py", line 506, in dispatch
    response = handler(request, *args, **kwargs)
  File "/home/conejofoz/api/api/views.py", line 510, in list
    tipo_movimento = Request.query_params['tipo_movimento']
  File "/home/conejofoz/api/env/lib/python3.8/site-packages/django/utils/datastructures.py", line 85, in __getitem__
    raise MultiValueDictKeyError(key)
django.utils.datastructures.MultiValueDictKeyError: 'tipo_movimento'
conejofoz Acessou a lista de categorias em: 20-06-2022 15:28:18
Internal Server Error: /rest/v1/vendas/
Traceback (most recent call last):
  File "/home/conejofoz/api/env/lib/python3.8/site-packages/django/utils/datastructures.py", line 83, in __getitem__
    list_ = super().__getitem__(key)
KeyError: 'tipo_movimento'

During handling of the above exception, another exception occurred:

Traceback (most recent call last):
  File "/home/conejofoz/api/env/lib/python3.8/site-packages/django/core/handlers/exception.py", line 47, in inner
    response = get_response(request)
  File "/home/conejofoz/api/env/lib/python3.8/site-packages/django/core/handlers/base.py", line 181, in _get_response
    response = wrapped_callback(request, *callback_args, **callback_kwargs)
  File "/home/conejofoz/api/env/lib/python3.8/site-packages/django/views/decorators/csrf.py", line 54, in wrapped_view
    return view_func(*args, **kwargs)
  File "/home/conejofoz/api/env/lib/python3.8/site-packages/rest_framework/viewsets.py", line 125, in view
    return self.dispatch(request, *args, **kwargs)
  File "/home/conejofoz/api/env/lib/python3.8/site-packages/rest_framework/views.py", line 509, in dispatch
    response = self.handle_exception(exc)
  File "/home/conejofoz/api/env/lib/python3.8/site-packages/rest_framework/views.py", line 469, in handle_exception
    self.raise_uncaught_exception(exc)
  File "/home/conejofoz/api/env/lib/python3.8/site-packages/rest_framework/views.py", line 480, in raise_uncaught_exception
    raise exc
  File "/home/conejofoz/api/env/lib/python3.8/site-packages/rest_framework/views.py", line 506, in dispatch
    response = handler(request, *args, **kwargs)
  File "/home/conejofoz/api/api/views.py", line 510, in list
    tipo_movimento = Request.query_params['tipo_movimento']
  File "/home/conejofoz/api/env/lib/python3.8/site-packages/django/utils/datastructures.py", line 85, in __getitem__
    raise MultiValueDictKeyError(key)
django.utils.datastructures.MultiValueDictKeyError: 'tipo_movimento'
conejofoz Acessou a lista de categorias em: 20-06-2022 15:28:51
conejofoz Acessou a lista de categorias em: 20-06-2022 15:33:55
 Acessou a lista de categorias em: 20-06-2022 15:53:33
conejofoz Acessou a lista de categorias em: 20-06-2022 15:53:39
conejofoz Acessou a lista de categorias em: 20-06-2022 15:55:59
Not Found: /.env
Forbidden (Referer checking failed - no Referer.): /
Not Found: /robots.txt
 Acessou a lista de categorias em: 20-06-2022 17:46:19
 Acessou a lista de categorias em: 20-06-2022 22:42:54
Unauthorized: /rest/v1/token/refresh/
Unauthorized: /rest/v1/cliente/
conejofoz Acessou a lista de categorias em: 20-06-2022 22:43:34
conejofoz Acessou a lista de categorias em: 20-06-2022 22:43:54
Not Found: /owa/auth/logon.aspx
 Acessou a lista de categorias em: 20-06-2022 23:09:27
Not Found: /owa/auth/x.js
Not Found: /ecp/Current/exporttool/microsoft.exchange.ediscovery.exporttool.application
Not Found: /owa/auth/logon.aspx
Not Found: /.env
Forbidden (Referer checking failed - no Referer.): /
Not Found: ///remote/fgt_lang
Not Found: /robots.txt
 Acessou a lista de categorias em: 21-06-2022 05:57:39
Invalid HTTP_HOST header: '/run/gunicorn.sock:'. The domain name provided is not valid according to RFC 1034/1035.
Bad Request: /
Not Found: /sdk
Not Found: /text4041655805158
Invalid HTTP_HOST header: '/run/gunicorn.sock:'. The domain name provided is not valid according to RFC 1034/1035.
Bad Request: /
Not Found: /evox/about
Not Found: /HNAP1
Not Found: /robots.txt
Not Found: /remote/fgt_lang
Not Found: /vendor/phpunit/phpunit/src/Util/PHP/eval-stdin.php
Not Found: /vendor/phpunit/phpunit/src/Util/PHP/eval-stdin.php
 Acessou a lista de categorias em: 21-06-2022 13:32:31
Unauthorized: /rest/v1/token/refresh/
Unauthorized: /rest/v1/cliente/
 Acessou a lista de categorias em: 21-06-2022 13:32:37
 Acessou a lista de categorias em: 21-06-2022 13:33:03
Not Found: /mifs/.;/services/LogService
Not Found: /.env
Forbidden (Referer checking failed - no Referer.): /
Not Found: /getConfig/listPopFrame.do
Not Found: /h5
Not Found: /js/common.js
Not Found: /css/main.css
Not Found: /index.html
Not Found: /lib/public.js
Not Found: /robots.txt
 Acessou a lista de categorias em: 21-06-2022 18:29:12
Not Found: /.env
Not Found: /core/.env
Not Found: /web/.env
Not Found: /app/.env
Not Found: /laravel/.env
Not Found: /crm/.env
Not Found: /backend/.env
Not Found: /local/.env
Not Found: /application/.env
Not Found: /prod/.env
Not Found: /api/.env
Not Found: /.aws/credentials
Not Found: /phpinfo
Not Found: /_profiler/phpinfo
Not Found: /phpinfo.php
Not Found: /info.php
Forbidden (Referer checking failed - no Referer.): /
Not Found: /robots.txt
Not Found: /sitemap.xml
Not Found: /.well-known/security.txt
Not Found: /owa/auth/logon.aspx
Not Found: /ReportServer
Not Found: /login
Not Found: /owa/auth/x.js
Not Found: /owa/auth/logon.aspx
Not Found: /ecp/Current/exporttool/microsoft.exchange.ediscovery.exporttool.application
Not Found: ///ext-js/app/common/zyFunction.js
Not Found: /vendor/phpunit/phpunit/src/Util/PHP/eval-stdin.php
Not Found: /robots.txt
Not Found: /vendor/phpunit/phpunit/src/Util/PHP/eval-stdin.php
